  cPhysXWraper_Imp.cpp
C:\Users\grnwt\Downloads\Fanshawe\GDP202425 (pre shadows)\NoodleNexus\cPhysXWraper\cPhysXWraper_Imp.cpp(233,103): warning C4244: 'argument': conversion from 'double' to 'physx::PxReal', possible loss of data
C:\Users\grnwt\Downloads\Fanshawe\GDP202425 (pre shadows)\NoodleNexus\cPhysXWraper\cPhysXWraper_Imp.cpp(233,85): warning C4244: 'argument': conversion from 'double' to 'physx::PxReal', possible loss of data
C:\Users\grnwt\Downloads\Fanshawe\GDP202425 (pre shadows)\NoodleNexus\cPhysXWraper\cPhysXWraper_Imp.cpp(233,67): warning C4244: 'argument': conversion from 'double' to 'physx::PxReal', possible loss of data
C:\Users\grnwt\Downloads\Fanshawe\GDP202425 (pre shadows)\NoodleNexus\cPhysXWraper\cPhysXWraper_Imp.cpp(866,36): warning C4244: '=': conversion from 'double' to 'float', possible loss of data
C:\Users\grnwt\Downloads\Fanshawe\GDP202425 (pre shadows)\NoodleNexus\cPhysXWraper\cPhysXWraper_Imp.cpp(899,36): warning C4244: '=': conversion from 'double' to 'float', possible loss of data
C:\Users\grnwt\Downloads\Fanshawe\GDP202425 (pre shadows)\NoodleNexus\cPhysXWraper\cPhysXWraper_Imp.cpp(932,36): warning C4244: '=': conversion from 'double' to 'float', possible loss of data
C:\Users\grnwt\Downloads\Fanshawe\GDP202425 (pre shadows)\NoodleNexus\cPhysXWraper\cPhysXWraper_Imp.cpp(965,36): warning C4244: '=': conversion from 'double' to 'float', possible loss of data
PhysXCooking_64.lib(PhysXCooking_64.dll) : warning LNK4006: "__declspec(dllimport) public: void __cdecl physx::Gu::AABBTreeBounds::takeOwnership(void)" (__imp_?takeOwnership@AABBTreeBounds@Gu@physx@@QEAAXXZ) already defined in PhysXCommon_64.lib(PhysXCommon_64.dll); second definition ignored
PhysXCooking_64.lib(PhysXCooking_64.dll) : warning LNK4006: "public: void __cdecl physx::Gu::AABBTreeBounds::takeOwnership(void)" (?takeOwnership@AABBTreeBounds@Gu@physx@@QEAAXXZ) already defined in PhysXCommon_64.lib(PhysXCommon_64.dll); second definition ignored
PhysXCooking_64.lib(PhysXCooking_64.dll) : warning LNK4006: "__declspec(dllimport) public: void __cdecl physx::Gu::AABBTreeBuildNode::setNbRunTimePrimitives(unsigned int)" (__imp_?setNbRunTimePrimitives@AABBTreeBuildNode@Gu@physx@@QEAAXI@Z) already defined in PhysXCommon_64.lib(PhysXCommon_64.dll); second definition ignored
PhysXCooking_64.lib(PhysXCooking_64.dll) : warning LNK4006: "public: void __cdecl physx::Gu::AABBTreeBuildNode::setNbRunTimePrimitives(unsigned int)" (?setNbRunTimePrimitives@AABBTreeBuildNode@Gu@physx@@QEAAXI@Z) already defined in PhysXCommon_64.lib(PhysXCommon_64.dll); second definition ignored
PhysXCooking_64.lib(PhysXCooking_64.dll) : warning LNK4006: "__declspec(dllimport) public: void __cdecl physx::Gu::AABBTreeBounds::setBounds(class physx::PxBounds3 *)" (__imp_?setBounds@AABBTreeBounds@Gu@physx@@QEAAXPEAVPxBounds3@3@@Z) already defined in PhysXCommon_64.lib(PhysXCommon_64.dll); second definition ignored
PhysXCooking_64.lib(PhysXCooking_64.dll) : warning LNK4006: "public: void __cdecl physx::Gu::AABBTreeBounds::setBounds(class physx::PxBounds3 *)" (?setBounds@AABBTreeBounds@Gu@physx@@QEAAXPEAVPxBounds3@3@@Z) already defined in PhysXCommon_64.lib(PhysXCommon_64.dll); second definition ignored
PhysXCooking_64.lib(PhysXCooking_64.dll) : warning LNK4006: "__declspec(dllimport) public: void __cdecl physx::Gu::AABBTreeBuildParams::reset(void)" (__imp_?reset@AABBTreeBuildParams@Gu@physx@@QEAAXXZ) already defined in PhysXCommon_64.lib(PhysXCommon_64.dll); second definition ignored
PhysXCooking_64.lib(PhysXCooking_64.dll) : warning LNK4006: "public: void __cdecl physx::Gu::AABBTreeBuildParams::reset(void)" (?reset@AABBTreeBuildParams@Gu@physx@@QEAAXXZ) already defined in PhysXCommon_64.lib(PhysXCommon_64.dll); second definition ignored
PhysXCooking_64.lib(PhysXCooking_64.dll) : warning LNK4006: "__declspec(dllimport) public: bool __cdecl physx::Gu::AABBTreeBounds::ownsMemory(void)const " (__imp_?ownsMemory@AABBTreeBounds@Gu@physx@@QEBA_NXZ) already defined in PhysXCommon_64.lib(PhysXCommon_64.dll); second definition ignored
PhysXCooking_64.lib(PhysXCooking_64.dll) : warning LNK4006: "public: bool __cdecl physx::Gu::AABBTreeBounds::ownsMemory(void)const " (?ownsMemory@AABBTreeBounds@Gu@physx@@QEBA_NXZ) already defined in PhysXCommon_64.lib(PhysXCommon_64.dll); second definition ignored
PhysXCooking_64.lib(PhysXCooking_64.dll) : warning LNK4006: "__declspec(dllimport) public: void __cdecl physx::Gu::AABBTreeBounds::moveFrom(class physx::Gu::AABBTreeBounds &)" (__imp_?moveFrom@AABBTreeBounds@Gu@physx@@QEAAXAEAV123@@Z) already defined in PhysXCommon_64.lib(PhysXCommon_64.dll); second definition ignored
PhysXCooking_64.lib(PhysXCooking_64.dll) : warning LNK4006: "public: void __cdecl physx::Gu::AABBTreeBounds::moveFrom(class physx::Gu::AABBTreeBounds &)" (?moveFrom@AABBTreeBounds@Gu@physx@@QEAAXAEAV123@@Z) already defined in PhysXCommon_64.lib(PhysXCommon_64.dll); second definition ignored
PhysXCooking_64.lib(PhysXCooking_64.dll) : warning LNK4006: "__declspec(dllimport) public: bool __cdecl physx::Gu::AABBTreeBuildNode::isLeaf(void)const " (__imp_?isLeaf@AABBTreeBuildNode@Gu@physx@@QEBA_NXZ) already defined in PhysXCommon_64.lib(PhysXCommon_64.dll); second definition ignored
PhysXCooking_64.lib(PhysXCooking_64.dll) : warning LNK4006: "public: bool __cdecl physx::Gu::AABBTreeBuildNode::isLeaf(void)const " (?isLeaf@AABBTreeBuildNode@Gu@physx@@QEBA_NXZ) already defined in PhysXCommon_64.lib(PhysXCommon_64.dll); second definition ignored
PhysXCooking_64.lib(PhysXCooking_64.dll) : warning LNK4006: "__declspec(dllimport) public: unsigned int const * __cdecl physx::Gu::AABBTreeBuildNode::getPrimitives(unsigned int const *)const " (__imp_?getPrimitives@AABBTreeBuildNode@Gu@physx@@QEBAPEBIPEBI@Z) already defined in PhysXCommon_64.lib(PhysXCommon_64.dll); second definition ignored
PhysXCooking_64.lib(PhysXCooking_64.dll) : warning LNK4006: "public: unsigned int const * __cdecl physx::Gu::AABBTreeBuildNode::getPrimitives(unsigned int const *)const " (?getPrimitives@AABBTreeBuildNode@Gu@physx@@QEBAPEBIPEBI@Z) already defined in PhysXCommon_64.lib(PhysXCommon_64.dll); second definition ignored
PhysXCooking_64.lib(PhysXCooking_64.dll) : warning LNK4006: "__declspec(dllimport) public: unsigned int * __cdecl physx::Gu::AABBTreeBuildNode::getPrimitives(unsigned int *)" (__imp_?getPrimitives@AABBTreeBuildNode@Gu@physx@@QEAAPEAIPEAI@Z) already defined in PhysXCommon_64.lib(PhysXCommon_64.dll); second definition ignored
PhysXCooking_64.lib(PhysXCooking_64.dll) : warning LNK4006: "public: unsigned int * __cdecl physx::Gu::AABBTreeBuildNode::getPrimitives(unsigned int *)" (?getPrimitives@AABBTreeBuildNode@Gu@physx@@QEAAPEAIPEAI@Z) already defined in PhysXCommon_64.lib(PhysXCommon_64.dll); second definition ignored
PhysXCooking_64.lib(PhysXCooking_64.dll) : warning LNK4006: "__declspec(dllimport) public: class physx::Gu::AABBTreeBuildNode const * __cdecl physx::Gu::AABBTreeBuildNode::getPos(void)const " (__imp_?getPos@AABBTreeBuildNode@Gu@physx@@QEBAPEBV123@XZ) already defined in PhysXCommon_64.lib(PhysXCommon_64.dll); second definition ignored
PhysXCooking_64.lib(PhysXCooking_64.dll) : warning LNK4006: "public: class physx::Gu::AABBTreeBuildNode const * __cdecl physx::Gu::AABBTreeBuildNode::getPos(void)const " (?getPos@AABBTreeBuildNode@Gu@physx@@QEBAPEBV123@XZ) already defined in PhysXCommon_64.lib(PhysXCommon_64.dll); second definition ignored
PhysXCooking_64.lib(PhysXCooking_64.dll) : warning LNK4006: "__declspec(dllimport) public: class physx::Gu::AABBTreeBuildNode const * __cdecl physx::Gu::AABBTreeBuildNode::getNeg(void)const " (__imp_?getNeg@AABBTreeBuildNode@Gu@physx@@QEBAPEBV123@XZ) already defined in PhysXCommon_64.lib(PhysXCommon_64.dll); second definition ignored
PhysXCooking_64.lib(PhysXCooking_64.dll) : warning LNK4006: "public: class physx::Gu::AABBTreeBuildNode const * __cdecl physx::Gu::AABBTreeBuildNode::getNeg(void)const " (?getNeg@AABBTreeBuildNode@Gu@physx@@QEBAPEBV123@XZ) already defined in PhysXCommon_64.lib(PhysXCommon_64.dll); second definition ignored
PhysXCooking_64.lib(PhysXCooking_64.dll) : warning LNK4006: "__declspec(dllimport) public: unsigned int __cdecl physx::Gu::AABBTreeBuildNode::getNbRuntimePrimitives(void)const " (__imp_?getNbRuntimePrimitives@AABBTreeBuildNode@Gu@physx@@QEBAIXZ) already defined in PhysXCommon_64.lib(PhysXCommon_64.dll); second definition ignored
PhysXCooking_64.lib(PhysXCooking_64.dll) : warning LNK4006: "public: unsigned int __cdecl physx::Gu::AABBTreeBuildNode::getNbRuntimePrimitives(void)const " (?getNbRuntimePrimitives@AABBTreeBuildNode@Gu@physx@@QEBAIXZ) already defined in PhysXCommon_64.lib(PhysXCommon_64.dll); second definition ignored
PhysXCooking_64.lib(PhysXCooking_64.dll) : warning LNK4006: "__declspec(dllimport) public: unsigned int __cdecl physx::Gu::AABBTreeBuildNode::getNbPrimitives(void)const " (__imp_?getNbPrimitives@AABBTreeBuildNode@Gu@physx@@QEBAIXZ) already defined in PhysXCommon_64.lib(PhysXCommon_64.dll); second definition ignored
PhysXCooking_64.lib(PhysXCooking_64.dll) : warning LNK4006: "public: unsigned int __cdecl physx::Gu::AABBTreeBuildNode::getNbPrimitives(void)const " (?getNbPrimitives@AABBTreeBuildNode@Gu@physx@@QEBAIXZ) already defined in PhysXCommon_64.lib(PhysXCommon_64.dll); second definition ignored
PhysXCooking_64.lib(PhysXCooking_64.dll) : warning LNK4006: "__declspec(dllimport) public: class physx::PxBounds3 const * __cdecl physx::Gu::AABBTreeBounds::getBounds(void)const " (__imp_?getBounds@AABBTreeBounds@Gu@physx@@QEBAPEBVPxBounds3@3@XZ) already defined in PhysXCommon_64.lib(PhysXCommon_64.dll); second definition ignored
PhysXCooking_64.lib(PhysXCooking_64.dll) : warning LNK4006: "public: class physx::PxBounds3 const * __cdecl physx::Gu::AABBTreeBounds::getBounds(void)const " (?getBounds@AABBTreeBounds@Gu@physx@@QEBAPEBVPxBounds3@3@XZ) already defined in PhysXCommon_64.lib(PhysXCommon_64.dll); second definition ignored
PhysXCooking_64.lib(PhysXCooking_64.dll) : warning LNK4006: "__declspec(dllimport) public: class physx::PxBounds3 * __cdecl physx::Gu::AABBTreeBounds::getBounds(void)" (__imp_?getBounds@AABBTreeBounds@Gu@physx@@QEAAPEAVPxBounds3@3@XZ) already defined in PhysXCommon_64.lib(PhysXCommon_64.dll); second definition ignored
PhysXCooking_64.lib(PhysXCooking_64.dll) : warning LNK4006: "public: class physx::PxBounds3 * __cdecl physx::Gu::AABBTreeBounds::getBounds(void)" (?getBounds@AABBTreeBounds@Gu@physx@@QEAAPEAVPxBounds3@3@XZ) already defined in PhysXCommon_64.lib(PhysXCommon_64.dll); second definition ignored
PhysXCooking_64.lib(PhysXCooking_64.dll) : warning LNK4006: "__declspec(dllimport) public: class physx::PxBounds3 const & __cdecl physx::Gu::AABBTreeBuildNode::getAABB(void)const " (__imp_?getAABB@AABBTreeBuildNode@Gu@physx@@QEBAAEBVPxBounds3@3@XZ) already defined in PhysXCommon_64.lib(PhysXCommon_64.dll); second definition ignored
PhysXCooking_64.lib(PhysXCooking_64.dll) : warning LNK4006: "public: class physx::PxBounds3 const & __cdecl physx::Gu::AABBTreeBuildNode::getAABB(void)const " (?getAABB@AABBTreeBuildNode@Gu@physx@@QEBAAEBVPxBounds3@3@XZ) already defined in PhysXCommon_64.lib(PhysXCommon_64.dll); second definition ignored
PhysXCooking_64.lib(PhysXCooking_64.dll) : warning LNK4006: "__declspec(dllimport) public: void __cdecl physx::Gu::AABBTreeBuildParams::`default constructor closure'(void)" (__imp_??_FAABBTreeBuildParams@Gu@physx@@QEAAXXZ) already defined in PhysXCommon_64.lib(PhysXCommon_64.dll); second definition ignored
PhysXCooking_64.lib(PhysXCooking_64.dll) : warning LNK4006: "public: void __cdecl physx::Gu::AABBTreeBuildParams::`default constructor closure'(void)" (??_FAABBTreeBuildParams@Gu@physx@@QEAAXXZ) already defined in PhysXCommon_64.lib(PhysXCommon_64.dll); second definition ignored
PhysXCooking_64.lib(PhysXCooking_64.dll) : warning LNK4006: "__declspec(dllimport) public: class physx::Gu::NodeAllocator & __cdecl physx::Gu::NodeAllocator::operator=(class physx::Gu::NodeAllocator const &)" (__imp_??4NodeAllocator@Gu@physx@@QEAAAEAV012@AEBV012@@Z) already defined in PhysXCommon_64.lib(PhysXCommon_64.dll); second definition ignored
PhysXCooking_64.lib(PhysXCooking_64.dll) : warning LNK4006: "public: class physx::Gu::NodeAllocator & __cdecl physx::Gu::NodeAllocator::operator=(class physx::Gu::NodeAllocator const &)" (??4NodeAllocator@Gu@physx@@QEAAAEAV012@AEBV012@@Z) already defined in PhysXCommon_64.lib(PhysXCommon_64.dll); second definition ignored
PhysXCooking_64.lib(PhysXCooking_64.dll) : warning LNK4006: "__declspec(dllimport) public: class physx::Gu::AABBTreeBuildParams & __cdecl physx::Gu::AABBTreeBuildParams::operator=(class physx::Gu::AABBTreeBuildParams const &)" (__imp_??4AABBTreeBuildParams@Gu@physx@@QEAAAEAV012@AEBV012@@Z) already defined in PhysXCommon_64.lib(PhysXCommon_64.dll); second definition ignored
PhysXCooking_64.lib(PhysXCooking_64.dll) : warning LNK4006: "public: class physx::Gu::AABBTreeBuildParams & __cdecl physx::Gu::AABBTreeBuildParams::operator=(class physx::Gu::AABBTreeBuildParams const &)" (??4AABBTreeBuildParams@Gu@physx@@QEAAAEAV012@AEBV012@@Z) already defined in PhysXCommon_64.lib(PhysXCommon_64.dll); second definition ignored
PhysXCooking_64.lib(PhysXCooking_64.dll) : warning LNK4006: "__declspec(dllimport) public: class physx::Gu::AABBTreeBuildNode & __cdecl physx::Gu::AABBTreeBuildNode::operator=(class physx::Gu::AABBTreeBuildNode const &)" (__imp_??4AABBTreeBuildNode@Gu@physx@@QEAAAEAV012@AEBV012@@Z) already defined in PhysXCommon_64.lib(PhysXCommon_64.dll); second definition ignored
PhysXCooking_64.lib(PhysXCooking_64.dll) : warning LNK4006: "public: class physx::Gu::AABBTreeBuildNode & __cdecl physx::Gu::AABBTreeBuildNode::operator=(class physx::Gu::AABBTreeBuildNode const &)" (??4AABBTreeBuildNode@Gu@physx@@QEAAAEAV012@AEBV012@@Z) already defined in PhysXCommon_64.lib(PhysXCommon_64.dll); second definition ignored
PhysXCooking_64.lib(PhysXCooking_64.dll) : warning LNK4006: "__declspec(dllimport) public: class physx::Gu::AABBTreeBounds & __cdecl physx::Gu::AABBTreeBounds::operator=(class physx::Gu::AABBTreeBounds const &)" (__imp_??4AABBTreeBounds@Gu@physx@@QEAAAEAV012@AEBV012@@Z) already defined in PhysXCommon_64.lib(PhysXCommon_64.dll); second definition ignored
PhysXCooking_64.lib(PhysXCooking_64.dll) : warning LNK4006: "public: class physx::Gu::AABBTreeBounds & __cdecl physx::Gu::AABBTreeBounds::operator=(class physx::Gu::AABBTreeBounds const &)" (??4AABBTreeBounds@Gu@physx@@QEAAAEAV012@AEBV012@@Z) already defined in PhysXCommon_64.lib(PhysXCommon_64.dll); second definition ignored
PhysXCooking_64.lib(PhysXCooking_64.dll) : warning LNK4006: "__declspec(dllimport) public: __cdecl physx::Gu::AABBTreeBuildParams::~AABBTreeBuildParams(void)" (__imp_??1AABBTreeBuildParams@Gu@physx@@QEAA@XZ) already defined in PhysXCommon_64.lib(PhysXCommon_64.dll); second definition ignored
PhysXCooking_64.lib(PhysXCooking_64.dll) : warning LNK4006: "public: __cdecl physx::Gu::AABBTreeBuildParams::~AABBTreeBuildParams(void)" (??1AABBTreeBuildParams@Gu@physx@@QEAA@XZ) already defined in PhysXCommon_64.lib(PhysXCommon_64.dll); second definition ignored
PhysXCooking_64.lib(PhysXCooking_64.dll) : warning LNK4006: "__declspec(dllimport) public: __cdecl physx::Gu::AABBTreeBuildNode::~AABBTreeBuildNode(void)" (__imp_??1AABBTreeBuildNode@Gu@physx@@QEAA@XZ) already defined in PhysXCommon_64.lib(PhysXCommon_64.dll); second definition ignored
PhysXCooking_64.lib(PhysXCooking_64.dll) : warning LNK4006: "public: __cdecl physx::Gu::AABBTreeBuildNode::~AABBTreeBuildNode(void)" (??1AABBTreeBuildNode@Gu@physx@@QEAA@XZ) already defined in PhysXCommon_64.lib(PhysXCommon_64.dll); second definition ignored
PhysXCooking_64.lib(PhysXCooking_64.dll) : warning LNK4006: "__declspec(dllimport) public: __cdecl physx::Gu::AABBTreeBounds::~AABBTreeBounds(void)" (__imp_??1AABBTreeBounds@Gu@physx@@QEAA@XZ) already defined in PhysXCommon_64.lib(PhysXCommon_64.dll); second definition ignored
PhysXCooking_64.lib(PhysXCooking_64.dll) : warning LNK4006: "public: __cdecl physx::Gu::AABBTreeBounds::~AABBTreeBounds(void)" (??1AABBTreeBounds@Gu@physx@@QEAA@XZ) already defined in PhysXCommon_64.lib(PhysXCommon_64.dll); second definition ignored
PhysXCooking_64.lib(PhysXCooking_64.dll) : warning LNK4006: "__declspec(dllimport) public: __cdecl physx::Gu::NodeAllocator::NodeAllocator(class physx::Gu::NodeAllocator const &)" (__imp_??0NodeAllocator@Gu@physx@@QEAA@AEBV012@@Z) already defined in PhysXCommon_64.lib(PhysXCommon_64.dll); second definition ignored
PhysXCooking_64.lib(PhysXCooking_64.dll) : warning LNK4006: "public: __cdecl physx::Gu::NodeAllocator::NodeAllocator(class physx::Gu::NodeAllocator const &)" (??0NodeAllocator@Gu@physx@@QEAA@AEBV012@@Z) already defined in PhysXCommon_64.lib(PhysXCommon_64.dll); second definition ignored
PhysXCooking_64.lib(PhysXCooking_64.dll) : warning LNK4006: "__declspec(dllimport) public: __cdecl physx::Gu::AABBTreeBuildParams::AABBTreeBuildParams(unsigned int,unsigned int,class physx::Gu::AABBTreeBounds const *,enum physx::Gu::BVHBuildStrategy)" (__imp_??0AABBTreeBuildParams@Gu@physx@@QEAA@IIPEBVAABBTreeBounds@12@W4BVHBuildStrategy@12@@Z) already defined in PhysXCommon_64.lib(PhysXCommon_64.dll); second definition ignored
PhysXCooking_64.lib(PhysXCooking_64.dll) : warning LNK4006: "public: __cdecl physx::Gu::AABBTreeBuildParams::AABBTreeBuildParams(unsigned int,unsigned int,class physx::Gu::AABBTreeBounds const *,enum physx::Gu::BVHBuildStrategy)" (??0AABBTreeBuildParams@Gu@physx@@QEAA@IIPEBVAABBTreeBounds@12@W4BVHBuildStrategy@12@@Z) already defined in PhysXCommon_64.lib(PhysXCommon_64.dll); second definition ignored
PhysXCooking_64.lib(PhysXCooking_64.dll) : warning LNK4006: "__declspec(dllimport) public: __cdecl physx::Gu::AABBTreeBuildNode::AABBTreeBuildNode(void)" (__imp_??0AABBTreeBuildNode@Gu@physx@@QEAA@XZ) already defined in PhysXCommon_64.lib(PhysXCommon_64.dll); second definition ignored
PhysXCooking_64.lib(PhysXCooking_64.dll) : warning LNK4006: "public: __cdecl physx::Gu::AABBTreeBuildNode::AABBTreeBuildNode(void)" (??0AABBTreeBuildNode@Gu@physx@@QEAA@XZ) already defined in PhysXCommon_64.lib(PhysXCommon_64.dll); second definition ignored
PhysXCooking_64.lib(PhysXCooking_64.dll) : warning LNK4006: "__declspec(dllimport) public: __cdecl physx::Gu::AABBTreeBuildNode::AABBTreeBuildNode(class physx::Gu::AABBTreeBuildNode const &)" (__imp_??0AABBTreeBuildNode@Gu@physx@@QEAA@AEBV012@@Z) already defined in PhysXCommon_64.lib(PhysXCommon_64.dll); second definition ignored
PhysXCooking_64.lib(PhysXCooking_64.dll) : warning LNK4006: "public: __cdecl physx::Gu::AABBTreeBuildNode::AABBTreeBuildNode(class physx::Gu::AABBTreeBuildNode const &)" (??0AABBTreeBuildNode@Gu@physx@@QEAA@AEBV012@@Z) already defined in PhysXCommon_64.lib(PhysXCommon_64.dll); second definition ignored
PhysXCooking_64.lib(PhysXCooking_64.dll) : warning LNK4006: "__declspec(dllimport) public: __cdecl physx::Gu::AABBTreeBounds::AABBTreeBounds(void)" (__imp_??0AABBTreeBounds@Gu@physx@@QEAA@XZ) already defined in PhysXCommon_64.lib(PhysXCommon_64.dll); second definition ignored
PhysXCooking_64.lib(PhysXCooking_64.dll) : warning LNK4006: "public: __cdecl physx::Gu::AABBTreeBounds::AABBTreeBounds(void)" (??0AABBTreeBounds@Gu@physx@@QEAA@XZ) already defined in PhysXCommon_64.lib(PhysXCommon_64.dll); second definition ignored
PhysXCooking_64.lib(PhysXCooking_64.dll) : warning LNK4006: __NULL_IMPORT_DESCRIPTOR already defined in PhysXCommon_64.lib(PhysXCommon_64.dll); second definition ignored
PhysXFoundation_64.lib(PhysXFoundation_64.dll) : warning LNK4006: "__declspec(dllimport) const physx::PxFoundation::`vftable'" (__imp_??_7PxFoundation@physx@@6B@) already defined in PhysXCooking_64.lib(PhysXCooking_64.dll); second definition ignored
PhysXFoundation_64.lib(PhysXFoundation_64.dll) : warning LNK4006: "__declspec(dllimport) public: class physx::PxFoundation & __cdecl physx::PxFoundation::operator=(class physx::PxFoundation const &)" (__imp_??4PxFoundation@physx@@QEAAAEAV01@AEBV01@@Z) already defined in PhysXCooking_64.lib(PhysXCooking_64.dll); second definition ignored
PhysXFoundation_64.lib(PhysXFoundation_64.dll) : warning LNK4006: "public: class physx::PxFoundation & __cdecl physx::PxFoundation::operator=(class physx::PxFoundation const &)" (??4PxFoundation@physx@@QEAAAEAV01@AEBV01@@Z) already defined in PhysXCooking_64.lib(PhysXCooking_64.dll); second definition ignored
PhysXFoundation_64.lib(PhysXFoundation_64.dll) : warning LNK4006: "__declspec(dllimport) protected: virtual __cdecl physx::PxFoundation::~PxFoundation(void)" (__imp_??1PxFoundation@physx@@MEAA@XZ) already defined in PhysXCooking_64.lib(PhysXCooking_64.dll); second definition ignored
PhysXFoundation_64.lib(PhysXFoundation_64.dll) : warning LNK4006: "protected: virtual __cdecl physx::PxFoundation::~PxFoundation(void)" (??1PxFoundation@physx@@MEAA@XZ) already defined in PhysXCooking_64.lib(PhysXCooking_64.dll); second definition ignored
PhysXFoundation_64.lib(PhysXFoundation_64.dll) : warning LNK4006: "__declspec(dllimport) public: __cdecl physx::PxFoundation::PxFoundation(void)" (__imp_??0PxFoundation@physx@@QEAA@XZ) already defined in PhysXCooking_64.lib(PhysXCooking_64.dll); second definition ignored
PhysXFoundation_64.lib(PhysXFoundation_64.dll) : warning LNK4006: "public: __cdecl physx::PxFoundation::PxFoundation(void)" (??0PxFoundation@physx@@QEAA@XZ) already defined in PhysXCooking_64.lib(PhysXCooking_64.dll); second definition ignored
PhysXFoundation_64.lib(PhysXFoundation_64.dll) : warning LNK4006: "__declspec(dllimport) public: __cdecl physx::PxFoundation::PxFoundation(class physx::PxFoundation const &)" (__imp_??0PxFoundation@physx@@QEAA@AEBV01@@Z) already defined in PhysXCooking_64.lib(PhysXCooking_64.dll); second definition ignored
PhysXFoundation_64.lib(PhysXFoundation_64.dll) : warning LNK4006: "public: __cdecl physx::PxFoundation::PxFoundation(class physx::PxFoundation const &)" (??0PxFoundation@physx@@QEAA@AEBV01@@Z) already defined in PhysXCooking_64.lib(PhysXCooking_64.dll); second definition ignored
PhysXFoundation_64.lib(PhysXFoundation_64.dll) : warning LNK4006: __NULL_IMPORT_DESCRIPTOR already defined in PhysXCommon_64.lib(PhysXCommon_64.dll); second definition ignored
PhysX_64.lib(PhysX_64.dll) : warning LNK4006: "__declspec(dllimport) public: static unsigned int const physx::PxSyncImpl::waitForever" (__imp_?waitForever@PxSyncImpl@physx@@2IB) already defined in PhysXFoundation_64.lib(PhysXFoundation_64.dll); second definition ignored
PhysX_64.lib(PhysX_64.dll) : warning LNK4006: "__declspec(dllimport) const physx::PxFoundation::`vftable'" (__imp_??_7PxFoundation@physx@@6B@) already defined in PhysXCooking_64.lib(PhysXCooking_64.dll); second definition ignored
PhysX_64.lib(PhysX_64.dll) : warning LNK4006: "__declspec(dllimport) public: class physx::PxThreadImpl & __cdecl physx::PxThreadImpl::operator=(class physx::PxThreadImpl const &)" (__imp_??4PxThreadImpl@physx@@QEAAAEAV01@AEBV01@@Z) already defined in PhysXFoundation_64.lib(PhysXFoundation_64.dll); second definition ignored
PhysX_64.lib(PhysX_64.dll) : warning LNK4006: "public: class physx::PxThreadImpl & __cdecl physx::PxThreadImpl::operator=(class physx::PxThreadImpl const &)" (??4PxThreadImpl@physx@@QEAAAEAV01@AEBV01@@Z) already defined in PhysXFoundation_64.lib(PhysXFoundation_64.dll); second definition ignored
PhysX_64.lib(PhysX_64.dll) : warning LNK4006: "__declspec(dllimport) public: class physx::PxSyncImpl & __cdecl physx::PxSyncImpl::operator=(class physx::PxSyncImpl const &)" (__imp_??4PxSyncImpl@physx@@QEAAAEAV01@AEBV01@@Z) already defined in PhysXFoundation_64.lib(PhysXFoundation_64.dll); second definition ignored
PhysX_64.lib(PhysX_64.dll) : warning LNK4006: "public: class physx::PxSyncImpl & __cdecl physx::PxSyncImpl::operator=(class physx::PxSyncImpl const &)" (??4PxSyncImpl@physx@@QEAAAEAV01@AEBV01@@Z) already defined in PhysXFoundation_64.lib(PhysXFoundation_64.dll); second definition ignored
PhysX_64.lib(PhysX_64.dll) : warning LNK4006: "__declspec(dllimport) public: struct physx::PxSListImpl & __cdecl physx::PxSListImpl::operator=(struct physx::PxSListImpl const &)" (__imp_??4PxSListImpl@physx@@QEAAAEAU01@AEBU01@@Z) already defined in PhysXFoundation_64.lib(PhysXFoundation_64.dll); second definition ignored
PhysX_64.lib(PhysX_64.dll) : warning LNK4006: "public: struct physx::PxSListImpl & __cdecl physx::PxSListImpl::operator=(struct physx::PxSListImpl const &)" (??4PxSListImpl@physx@@QEAAAEAU01@AEBU01@@Z) already defined in PhysXFoundation_64.lib(PhysXFoundation_64.dll); second definition ignored
PhysX_64.lib(PhysX_64.dll) : warning LNK4006: "__declspec(dllimport) public: class physx::PxMutexImpl & __cdecl physx::PxMutexImpl::operator=(class physx::PxMutexImpl const &)" (__imp_??4PxMutexImpl@physx@@QEAAAEAV01@AEBV01@@Z) already defined in PhysXFoundation_64.lib(PhysXFoundation_64.dll); second definition ignored
PhysX_64.lib(PhysX_64.dll) : warning LNK4006: "public: class physx::PxMutexImpl & __cdecl physx::PxMutexImpl::operator=(class physx::PxMutexImpl const &)" (??4PxMutexImpl@physx@@QEAAAEAV01@AEBV01@@Z) already defined in PhysXFoundation_64.lib(PhysXFoundation_64.dll); second definition ignored
PhysX_64.lib(PhysX_64.dll) : warning LNK4006: "__declspec(dllimport) public: class physx::PxFoundation & __cdecl physx::PxFoundation::operator=(class physx::PxFoundation const &)" (__imp_??4PxFoundation@physx@@QEAAAEAV01@AEBV01@@Z) already defined in PhysXCooking_64.lib(PhysXCooking_64.dll); second definition ignored
PhysX_64.lib(PhysX_64.dll) : warning LNK4006: "public: class physx::PxFoundation & __cdecl physx::PxFoundation::operator=(class physx::PxFoundation const &)" (??4PxFoundation@physx@@QEAAAEAV01@AEBV01@@Z) already defined in PhysXCooking_64.lib(PhysXCooking_64.dll); second definition ignored
PhysX_64.lib(PhysX_64.dll) : warning LNK4006: "__declspec(dllimport) public: class physx::PxFPUGuard & __cdecl physx::PxFPUGuard::operator=(class physx::PxFPUGuard const &)" (__imp_??4PxFPUGuard@physx@@QEAAAEAV01@AEBV01@@Z) already defined in PhysXFoundation_64.lib(PhysXFoundation_64.dll); second definition ignored
PhysX_64.lib(PhysX_64.dll) : warning LNK4006: "public: class physx::PxFPUGuard & __cdecl physx::PxFPUGuard::operator=(class physx::PxFPUGuard const &)" (??4PxFPUGuard@physx@@QEAAAEAV01@AEBV01@@Z) already defined in PhysXFoundation_64.lib(PhysXFoundation_64.dll); second definition ignored
PhysX_64.lib(PhysX_64.dll) : warning LNK4006: "__declspec(dllimport) protected: virtual __cdecl physx::PxFoundation::~PxFoundation(void)" (__imp_??1PxFoundation@physx@@MEAA@XZ) already defined in PhysXCooking_64.lib(PhysXCooking_64.dll); second definition ignored
PhysX_64.lib(PhysX_64.dll) : warning LNK4006: "protected: virtual __cdecl physx::PxFoundation::~PxFoundation(void)" (??1PxFoundation@physx@@MEAA@XZ) already defined in PhysXCooking_64.lib(PhysXCooking_64.dll); second definition ignored
PhysX_64.lib(PhysX_64.dll) : warning LNK4006: "__declspec(dllimport) public: __cdecl physx::PxFoundation::PxFoundation(void)" (__imp_??0PxFoundation@physx@@QEAA@XZ) already defined in PhysXCooking_64.lib(PhysXCooking_64.dll); second definition ignored
PhysX_64.lib(PhysX_64.dll) : warning LNK4006: "public: __cdecl physx::PxFoundation::PxFoundation(void)" (??0PxFoundation@physx@@QEAA@XZ) already defined in PhysXCooking_64.lib(PhysXCooking_64.dll); second definition ignored
PhysX_64.lib(PhysX_64.dll) : warning LNK4006: "__declspec(dllimport) public: __cdecl physx::PxFoundation::PxFoundation(class physx::PxFoundation const &)" (__imp_??0PxFoundation@physx@@QEAA@AEBV01@@Z) already defined in PhysXCooking_64.lib(PhysXCooking_64.dll); second definition ignored
PhysX_64.lib(PhysX_64.dll) : warning LNK4006: "public: __cdecl physx::PxFoundation::PxFoundation(class physx::PxFoundation const &)" (??0PxFoundation@physx@@QEAA@AEBV01@@Z) already defined in PhysXCooking_64.lib(PhysXCooking_64.dll); second definition ignored
PhysX_64.lib(PhysX_64.dll) : warning LNK4006: __NULL_IMPORT_DESCRIPTOR already defined in PhysXCommon_64.lib(PhysXCommon_64.dll); second definition ignored
PVDRuntime_64.lib(PVDRuntime_64.dll) : warning LNK4006: __NULL_IMPORT_DESCRIPTOR already defined in PhysXCommon_64.lib(PhysXCommon_64.dll); second definition ignored
  cPhysXWraper.vcxproj -> C:\Users\grnwt\Downloads\Fanshawe\GDP202425 (pre shadows)\NoodleNexus\x64\Debug\cPhysXWraper.lib
  Copying PhyXWraper headers...
  Copying PhyXWraper libraries...
