c:\users\grnwt\downloads\fanshawe\gdp202425 (pre shadows)\noodlenexus\noodlenexus\x64\release\cbasictexturemanager.obj
c:\users\grnwt\downloads\fanshawe\gdp202425 (pre shadows)\noodlenexus\noodlenexus\x64\release\cphysics.obj
c:\users\grnwt\downloads\fanshawe\gdp202425 (pre shadows)\noodlenexus\noodlenexus\x64\release\cviperflagconnector.obj
c:\users\grnwt\downloads\fanshawe\gdp202425 (pre shadows)\noodlenexus\noodlenexus\x64\release\cfbo_deferred.obj
c:\users\grnwt\downloads\fanshawe\gdp202425 (pre shadows)\noodlenexus\noodlenexus\x64\release\cvaomanager_dynamicmesh.obj
c:\users\grnwt\downloads\fanshawe\gdp202425 (pre shadows)\noodlenexus\noodlenexus\x64\release\cbasicflycamera.obj
c:\users\grnwt\downloads\fanshawe\gdp202425 (pre shadows)\noodlenexus\noodlenexus\x64\release\mouse_keyboard.obj
c:\users\grnwt\downloads\fanshawe\gdp202425 (pre shadows)\noodlenexus\noodlenexus\x64\release\cshader.obj
c:\users\grnwt\downloads\fanshawe\gdp202425 (pre shadows)\noodlenexus\noodlenexus\x64\release\clowpassfilter.obj
c:\users\grnwt\downloads\fanshawe\gdp202425 (pre shadows)\noodlenexus\noodlenexus\x64\release\cparticleemitter_2.obj
c:\users\grnwt\downloads\fanshawe\gdp202425 (pre shadows)\noodlenexus\noodlenexus\x64\release\csoftbodyverlet.obj
c:\users\grnwt\downloads\fanshawe\gdp202425 (pre shadows)\noodlenexus\noodlenexus\x64\release\plyfileloaders.obj
c:\users\grnwt\downloads\fanshawe\gdp202425 (pre shadows)\noodlenexus\noodlenexus\x64\release\cphysics_broadphase.obj
c:\users\grnwt\downloads\fanshawe\gdp202425 (pre shadows)\noodlenexus\noodlenexus\x64\release\cvaomanager.obj
c:\users\grnwt\downloads\fanshawe\gdp202425 (pre shadows)\noodlenexus\noodlenexus\x64\release\cshadermanager.obj
c:\users\grnwt\downloads\fanshawe\gdp202425 (pre shadows)\noodlenexus\noodlenexus\x64\release\cphysics_csoftbody_verlet.obj
c:\users\grnwt\downloads\fanshawe\gdp202425 (pre shadows)\noodlenexus\noodlenexus\x64\release\cterrainpathchooser.obj
c:\users\grnwt\downloads\fanshawe\gdp202425 (pre shadows)\noodlenexus\noodlenexus\x64\release\sharedthings.obj
c:\users\grnwt\downloads\fanshawe\gdp202425 (pre shadows)\noodlenexus\noodlenexus\x64\release\themain.obj
c:\users\grnwt\downloads\fanshawe\gdp202425 (pre shadows)\noodlenexus\noodlenexus\x64\release\cfbo_depth_only.obj
c:\users\grnwt\downloads\fanshawe\gdp202425 (pre shadows)\noodlenexus\noodlenexus\x64\release\clighthelper.obj
c:\users\grnwt\downloads\fanshawe\gdp202425 (pre shadows)\noodlenexus\noodlenexus\x64\release\cphysics_csoftbody_verlet_threaded.obj
c:\users\grnwt\downloads\fanshawe\gdp202425 (pre shadows)\noodlenexus\noodlenexus\x64\release\renderscene.obj
c:\users\grnwt\downloads\fanshawe\gdp202425 (pre shadows)\noodlenexus\noodlenexus\x64\release\addmodelstoscene.obj
c:\users\grnwt\downloads\fanshawe\gdp202425 (pre shadows)\noodlenexus\noodlenexus\x64\release\smesh.obj
c:\users\grnwt\downloads\fanshawe\gdp202425 (pre shadows)\noodlenexus\noodlenexus\x64\release\c24bitbmppixel.obj
c:\users\grnwt\downloads\fanshawe\gdp202425 (pre shadows)\noodlenexus\noodlenexus\x64\release\cfbo_rgb_depth.obj
c:\users\grnwt\downloads\fanshawe\gdp202425 (pre shadows)\noodlenexus\noodlenexus\x64\release\clightmanager.obj
c:\users\grnwt\downloads\fanshawe\gdp202425 (pre shadows)\noodlenexus\noodlenexus\x64\release\rendercall.obj
c:\users\grnwt\downloads\fanshawe\gdp202425 (pre shadows)\noodlenexus\noodlenexus\x64\release\ctexturefrombmp.obj
c:\users\grnwt\downloads\fanshawe\gdp202425 (pre shadows)\noodlenexus\noodlenexus\x64\release\cvaomanager_async_loader.obj
c:\users\grnwt\downloads\fanshawe\gdp202425 (pre shadows)\noodlenexus\noodlenexus\x64\release\vc143.pdb
c:\users\grnwt\downloads\fanshawe\gdp202425 (pre shadows)\noodlenexus\noodlenexus\x64\release\glad.obj
c:\users\grnwt\downloads\fanshawe\gdp202425 (pre shadows)\noodlenexus\x64\release\noodlenexus.exe
c:\users\grnwt\downloads\fanshawe\gdp202425 (pre shadows)\noodlenexus\noodlenexus\x64\release\addmodelstoscene.asm
c:\users\grnwt\downloads\fanshawe\gdp202425 (pre shadows)\noodlenexus\noodlenexus\x64\release\cshader.asm
c:\users\grnwt\downloads\fanshawe\gdp202425 (pre shadows)\noodlenexus\noodlenexus\x64\release\cshadermanager.asm
c:\users\grnwt\downloads\fanshawe\gdp202425 (pre shadows)\noodlenexus\noodlenexus\x64\release\cbasicflycamera.asm
c:\users\grnwt\downloads\fanshawe\gdp202425 (pre shadows)\noodlenexus\noodlenexus\x64\release\c24bitbmppixel.asm
c:\users\grnwt\downloads\fanshawe\gdp202425 (pre shadows)\noodlenexus\noodlenexus\x64\release\cbasictexturemanager.asm
c:\users\grnwt\downloads\fanshawe\gdp202425 (pre shadows)\noodlenexus\noodlenexus\x64\release\ctexturefrombmp.asm
c:\users\grnwt\downloads\fanshawe\gdp202425 (pre shadows)\noodlenexus\noodlenexus\x64\release\cfbo_deferred.asm
c:\users\grnwt\downloads\fanshawe\gdp202425 (pre shadows)\noodlenexus\noodlenexus\x64\release\cfbo_depth_only.asm
c:\users\grnwt\downloads\fanshawe\gdp202425 (pre shadows)\noodlenexus\noodlenexus\x64\release\cfbo_rgb_depth.asm
c:\users\grnwt\downloads\fanshawe\gdp202425 (pre shadows)\noodlenexus\noodlenexus\x64\release\clighthelper.asm
c:\users\grnwt\downloads\fanshawe\gdp202425 (pre shadows)\noodlenexus\noodlenexus\x64\release\clightmanager.asm
c:\users\grnwt\downloads\fanshawe\gdp202425 (pre shadows)\noodlenexus\noodlenexus\x64\release\clowpassfilter.asm
c:\users\grnwt\downloads\fanshawe\gdp202425 (pre shadows)\noodlenexus\noodlenexus\x64\release\cparticleemitter_2.asm
c:\users\grnwt\downloads\fanshawe\gdp202425 (pre shadows)\noodlenexus\noodlenexus\x64\release\cphysics.asm
c:\users\grnwt\downloads\fanshawe\gdp202425 (pre shadows)\noodlenexus\noodlenexus\x64\release\cphysics_broadphase.asm
c:\users\grnwt\downloads\fanshawe\gdp202425 (pre shadows)\noodlenexus\noodlenexus\x64\release\cphysics_csoftbody_verlet_threaded.asm
c:\users\grnwt\downloads\fanshawe\gdp202425 (pre shadows)\noodlenexus\noodlenexus\x64\release\csoftbodyverlet.asm
c:\users\grnwt\downloads\fanshawe\gdp202425 (pre shadows)\noodlenexus\noodlenexus\x64\release\cterrainpathchooser.asm
c:\users\grnwt\downloads\fanshawe\gdp202425 (pre shadows)\noodlenexus\noodlenexus\x64\release\cvaomanager.asm
c:\users\grnwt\downloads\fanshawe\gdp202425 (pre shadows)\noodlenexus\noodlenexus\x64\release\cvaomanager_async_loader.asm
c:\users\grnwt\downloads\fanshawe\gdp202425 (pre shadows)\noodlenexus\noodlenexus\x64\release\cvaomanager_dynamicmesh.asm
c:\users\grnwt\downloads\fanshawe\gdp202425 (pre shadows)\noodlenexus\noodlenexus\x64\release\cviperflagconnector.asm
c:\users\grnwt\downloads\fanshawe\gdp202425 (pre shadows)\noodlenexus\noodlenexus\x64\release\glad.asm
c:\users\grnwt\downloads\fanshawe\gdp202425 (pre shadows)\noodlenexus\noodlenexus\x64\release\mouse_keyboard.asm
c:\users\grnwt\downloads\fanshawe\gdp202425 (pre shadows)\noodlenexus\noodlenexus\x64\release\plyfileloaders.asm
c:\users\grnwt\downloads\fanshawe\gdp202425 (pre shadows)\noodlenexus\noodlenexus\x64\release\rendercall.asm
c:\users\grnwt\downloads\fanshawe\gdp202425 (pre shadows)\noodlenexus\noodlenexus\x64\release\renderscene.asm
c:\users\grnwt\downloads\fanshawe\gdp202425 (pre shadows)\noodlenexus\noodlenexus\x64\release\sharedthings.asm
c:\users\grnwt\downloads\fanshawe\gdp202425 (pre shadows)\noodlenexus\noodlenexus\x64\release\smesh.asm
c:\users\grnwt\downloads\fanshawe\gdp202425 (pre shadows)\noodlenexus\noodlenexus\x64\release\themain.asm
c:\users\grnwt\downloads\fanshawe\gdp202425 (pre shadows)\noodlenexus\noodlenexus\x64\release\cphysics_csoftbody_verlet.asm
c:\users\grnwt\downloads\fanshawe\gdp202425 (pre shadows)\noodlenexus\x64\release\noodlenexus.pdb
c:\users\grnwt\downloads\fanshawe\gdp202425 (pre shadows)\noodlenexus\x64\release\noodlenexus.lib
c:\users\grnwt\downloads\fanshawe\gdp202425 (pre shadows)\noodlenexus\x64\release\noodlenexus.exp
c:\users\grnwt\downloads\fanshawe\gdp202425 (pre shadows)\noodlenexus\noodlenexus\x64\release\noodlenexus.ipdb
c:\users\grnwt\downloads\fanshawe\gdp202425 (pre shadows)\noodlenexus\noodlenexus\x64\release\noodlenexus.iobj
c:\users\grnwt\downloads\fanshawe\gdp202425 (pre shadows)\noodlenexus\noodlenexus\x64\release\carena.obj
c:\users\grnwt\downloads\fanshawe\gdp202425 (pre shadows)\noodlenexus\noodlenexus\x64\release\ccommandfactory.obj
c:\users\grnwt\downloads\fanshawe\gdp202425 (pre shadows)\noodlenexus\noodlenexus\x64\release\ccommandgroup.obj
c:\users\grnwt\downloads\fanshawe\gdp202425 (pre shadows)\noodlenexus\noodlenexus\x64\release\cfollowobject_a.obj
c:\users\grnwt\downloads\fanshawe\gdp202425 (pre shadows)\noodlenexus\noodlenexus\x64\release\chovertank.obj
c:\users\grnwt\downloads\fanshawe\gdp202425 (pre shadows)\noodlenexus\noodlenexus\x64\release\cjetpack.obj
c:\users\grnwt\downloads\fanshawe\gdp202425 (pre shadows)\noodlenexus\noodlenexus\x64\release\cluabrain.obj
c:\users\grnwt\downloads\fanshawe\gdp202425 (pre shadows)\noodlenexus\noodlenexus\x64\release\cmoverelativetime.obj
c:\users\grnwt\downloads\fanshawe\gdp202425 (pre shadows)\noodlenexus\noodlenexus\x64\release\crailgun.obj
c:\users\grnwt\downloads\fanshawe\gdp202425 (pre shadows)\noodlenexus\noodlenexus\x64\release\csheild.obj
c:\users\grnwt\downloads\fanshawe\gdp202425 (pre shadows)\noodlenexus\noodlenexus\x64\release\csupertank.obj
c:\users\grnwt\downloads\fanshawe\gdp202425 (pre shadows)\noodlenexus\noodlenexus\x64\release\ctank.obj
c:\users\grnwt\downloads\fanshawe\gdp202425 (pre shadows)\noodlenexus\noodlenexus\x64\release\ctankbuilder.obj
c:\users\grnwt\downloads\fanshawe\gdp202425 (pre shadows)\noodlenexus\noodlenexus\x64\release\ctankfactory.obj
c:\users\grnwt\downloads\fanshawe\gdp202425 (pre shadows)\noodlenexus\noodlenexus\x64\release\noodlenexus.tlog\cl.command.1.tlog
c:\users\grnwt\downloads\fanshawe\gdp202425 (pre shadows)\noodlenexus\noodlenexus\x64\release\noodlenexus.tlog\cl.items.tlog
c:\users\grnwt\downloads\fanshawe\gdp202425 (pre shadows)\noodlenexus\noodlenexus\x64\release\noodlenexus.tlog\cl.read.1.tlog
c:\users\grnwt\downloads\fanshawe\gdp202425 (pre shadows)\noodlenexus\noodlenexus\x64\release\noodlenexus.tlog\cl.write.1.tlog
c:\users\grnwt\downloads\fanshawe\gdp202425 (pre shadows)\noodlenexus\noodlenexus\x64\release\noodlenexus.tlog\link.command.1.tlog
c:\users\grnwt\downloads\fanshawe\gdp202425 (pre shadows)\noodlenexus\noodlenexus\x64\release\noodlenexus.tlog\link.read.1.tlog
c:\users\grnwt\downloads\fanshawe\gdp202425 (pre shadows)\noodlenexus\noodlenexus\x64\release\noodlenexus.tlog\link.secondary.1.tlog
c:\users\grnwt\downloads\fanshawe\gdp202425 (pre shadows)\noodlenexus\noodlenexus\x64\release\noodlenexus.tlog\link.write.1.tlog
